<?xml version="1.0" encoding="UTF-8"?>
<testsuite name="MusicAdvisorTest" tests="1" skipped="0" failures="0" errors="0" timestamp="2021-10-12T11:59:29" hostname="user-computer" time="1.607">
  <properties/>
  <testcase name="start" classname="MusicAdvisorTest" time="1.607"/>
  <system-out><![CDATA[?[1;31m
Start test 1?[0m
> auth
use this link to request the access code:
https://accounts.spotify.com/authorize?client_id=f938a23eaa914af89b3c4c60c1fbd9a4&response_type=code&redirect_uri=http://localhost:8080
waiting for code...
Tester: making requests to redirect uri: http://localhost:8080
Tester: done request 1: Authorization code not found. Try again.
Tester: done request 2: Authorization code not found. Try again.
code received
making http request for access_token...
Tester: done request 3: Got the code. Return back to your program.
response:
{"access_token":"456456","token_type":"Bearer","expires_in":3600,"refresh_token":"567567","scope":""}
---SUCCESS---
> featured
---FEATURED---
Mellow Morning
Wake Up and Smell the Coffee
Monday Motivation
Songs to Sing in the Shower
> exit
---GOODBYE!---
?[1;31m
Start test 2?[0m
> featured
Please, provide access for application.
> exit
---GOODBYE!---
?[1;31m
Start test 3?[0m
> new
Please, provide access for application.
> exit
---GOODBYE!---
]]></system-out>
  <system-err><![CDATA[]]></system-err>
</testsuite>
